## PostgreSQL Oracle 兼容性之SQL OUTLINE插件 pg_hint_plan enable_hint_table     
    
### 作者    
digoal    
    
### 日期    
2021-04-06     
    
### 标签    
PostgreSQL , Oracle , 执行计划     
    
----    
    
## 背景    
[《PostgreSQL Oracle 兼容性之 - SQL OUTLINE插件sr_plan (保存、篡改、固定 执行计划)》](../201702/20170228_01.md)      
  
[《PostgreSQL hint pg_hint_plan 的详细用法》](../202103/20210327_03.md)    
    
https://postgrespro.com/docs/enterprise/12/pg-hint-plan    
    
除了通过hint, 修改sql语句的comment来实现执行计划的定制, 还可以通过修改hint table来实现(用于不能修改sql的场景, 例如由框架产生的SQL, 这些SQL不能修改, 没法加comment来修改hint).    
    
F.37.4.2. GUC parameters for pg_hint_plan    
GUC parameters described below affect the behavior of pg_hint_plan.    
    
Table F.25. GUC Parameters    
    
Parameter Name	|Description	|Default Value    
---|---|---    
pg_hint_plan.enable_hint|	True enables pg_hint_plan.	|on    
pg_hint_plan.enable_hint_table|	True enables hinting by table.	|on    
pg_hint_plan.parse_messages|	Specifies the log level of hint parse error. Valid values are error, warning, notice, info, log, debug.	|INFO    
pg_hint_plan.debug_print|	Controls debug print and verbosity. Valid values are off, on, detailed, and verbose.	|off    
pg_hint_plan.message_level|	Specifies message level of debug print. Valid values are error, warning, notice, info, log, debug.	|INFO    
    
```    
postgres=# insert into hint_plan.hints (norm_query_string , application_name, hints) values ('explain select count(*) from a join b on (b.id=a.id);','psql','HashJoin(a b) Leading(<b a>)');    
INSERT 0 1    
    
postgres=# update hint_plan.hints set hints='NestLoop(a b)';    
UPDATE 1    
    
postgres=# set pg_hint_plan.enable_hint_table=on;    
SET    
postgres=# explain select count(*) from a join b on (b.id=a.id);    
LOG:  pg_hint_plan:    
used hint:    
NestLoop(a b)    
not used hint:    
duplication hint:    
error hint:    
    
                                   QUERY PLAN                                       
--------------------------------------------------------------------------------    
 Aggregate  (cost=3419562.00..3419562.01 rows=1 width=8)    
   ->  Nested Loop  (cost=0.29..3394562.00 rows=10000000 width=0)    
         ->  Seq Scan on a  (cost=0.00..193458.00 rows=10000000 width=4)    
         ->  Index Only Scan using idx_b on b  (cost=0.29..0.31 rows=1 width=4)    
               Index Cond: (id = a.id)    
(5 rows)    
```    
  
  
#### [PostgreSQL 许愿链接](https://github.com/digoal/blog/issues/76 "269ac3d1c492e938c0191101c7238216")
您的愿望将传达给PG kernel hacker、数据库厂商等, 帮助提高数据库产品质量和功能, 说不定下一个PG版本就有您提出的功能点. 针对非常好的提议，奖励限量版PG文化衫、纪念品、贴纸、PG热门书籍等，奖品丰富，快来许愿。[开不开森](https://github.com/digoal/blog/issues/76 "269ac3d1c492e938c0191101c7238216").  
  
  
#### [9.9元购买3个月阿里云RDS PostgreSQL实例](https://www.aliyun.com/database/postgresqlactivity "57258f76c37864c6e6d23383d05714ea")
  
  
#### [PostgreSQL 解决方案集合](https://yq.aliyun.com/topic/118 "40cff096e9ed7122c512b35d8561d9c8")
  
  
#### [德哥 / digoal's github - 公益是一辈子的事.](https://github.com/digoal/blog/blob/master/README.md "22709685feb7cab07d30f30387f0a9ae")
  
  
![digoal's wechat](../pic/digoal_weixin.jpg "f7ad92eeba24523fd47a6e1a0e691b59")
  
  
#### [PolarDB 学习图谱: 训练营、培训认证、在线互动实验、解决方案、生态合作、写心得拿奖品](https://www.aliyun.com/database/openpolardb/activity "8642f60e04ed0c814bf9cb9677976bd4")
  
  
#### [购买PolarDB云服务折扣活动进行中, 55元起](https://www.aliyun.com/activity/new/polardb-yunparter?userCode=bsb3t4al "e0495c413bedacabb75ff1e880be465a")
  
  
#### [About 德哥](https://github.com/digoal/blog/blob/master/me/readme.md "a37735981e7704886ffd590565582dd0")
  
