## 每天5分钟,PG聊通透 - 系列1 - 热门问题 - 链接、驱动、SQL - 第12期 - 为什么SQL会自动启用并行计算?     
                                
### 作者                                
digoal                                
                                
### 日期                                
2021-12-21                              
                                
### 标签                             
PostgreSQL , 热门问题             
                              
----                              
                              
## 背景           
- 问题说明(现象、环境)    
- 分析原因    
- 结论和解决办法    
        
## 链接、驱动、SQL         
        
#### 12、为什么SQL会自动启用并行计算?      
https://www.bilibili.com/video/BV1pa41167qZ/   
  
  
1、参数设置允许并行计算  
```  
max_worker_processes > 1    
max_parallel_workers > 1    
max_parallel_workers_per_gather > 1    
enable_parallel_append = on  
enable_parallel_hash = on  
```  
  
2、SQL本身支持并行  
- [《PostgreSQL 并行计算解说 汇总》](../201903/20190318_05.md)    
- [《parallel 递归查询, 树状查询, 异构查询, CTE, recursive CTE, connect by》](../201903/20190318_04.md)    
- [《parallel CREATE INDEX CONCURRENTLY - 不堵塞读写》](../201903/20190318_03.md)    
- [《parallel subquery》](../201903/20190318_02.md)    
- [《parallel gather | gathermerge - enable leader worker process》](../201903/20190318_01.md)    
- [《parallel FDW scan (并行访问多个外部表) with parallel append (FDW must with IsForeignScanParallelSafe)》](../201903/20190317_18.md)   
- [《parallel CTE (Common Table Express)》](../201903/20190317_17.md)    
- [《parallel union all》](../201903/20190317_16.md)    
- [《parallel append merge》](../201903/20190317_15.md)    
- [《parallel append》](../201903/20190317_14.md)    
- [《parallel partition table wise agg》](../201903/20190317_13.md)    
- [《parallel partition table wise join》](../201903/20190317_12.md)    
- [《parallel hash join》](../201903/20190317_11.md)    
- [《parallel merge join》](../201903/20190317_10.md)    
- [《parallel nestloop join》](../201903/20190317_09.md)    
- [《parallel index only scan》](../201903/20190317_08.md)    
- [《parallel bitmap scan》](../201903/20190317_07.md)    
- [《parallel index scan》](../201903/20190317_06.md)    
- [《parallel OLAP : 中间结果 parallel with unlogged table》](../201903/20190317_05.md)    
- [《parallel in rc,rr 隔离级别》](../201903/20190317_04.md)    
- [《parallel gather, gather merge》](../201903/20190317_03.md)    
- [《parallel 自定义并行函数(UDF)》](../201903/20190317_02.md)    
- [《parallel 自定义并行聚合》](../201903/20190317_01.md)    
- [《parallel sort》](../201903/20190316_10.md)    
- [《parallel create index》](../201903/20190316_09.md)    
- [《parallel CREATE MATERIALIZED VIEW》](../201903/20190316_08.md)    
- [《parallel create table as》](../201903/20190316_07.md)    
- [《parallel select into》](../201903/20190316_06.md)    
- [《parallel agg》](../201903/20190316_05.md)    
- [《parallel filter》](../201903/20190316_04.md)    
- [《parallel seq scan》](../201903/20190316_03.md)    
  
3、优化器认为有必要使用并行计算  (表或者索引的大小达到了开启并行的阈值、采用并行的总代价最低)  , 自动计算并行度.   
```  
parallel_setup_cost = 1000.0     
parallel_tuple_cost = 0.1        
min_parallel_table_scan_size = 8MB    
min_parallel_index_scan_size = 512kB    
```  
  
4、强制设置并行度  
```  
postgres=# alter table a set (parallel_workers =4);  
ALTER TABLE  
postgres=# set parallel_setup_cost=0;  
SET  
postgres=# set parallel_tuple_cost=0;  
SET  
postgres=# set min_parallel_table_scan_size=0;  
SET  
postgres=# set min_parallel_index_scan_size=0;  
SET  
postgres=# set max_parallel_workers_per_gather =4;  
SET  
postgres=# explain select count(*) from a;  
                                     QUERY PLAN                                        
-------------------------------------------------------------------------------------  
 Finalize Aggregate  (cost=11459.02..11459.03 rows=1 width=8)  
   ->  Gather  (cost=11459.00..11459.01 rows=4 width=8)  
         Workers Planned: 4  
         ->  Partial Aggregate  (cost=11459.00..11459.01 rows=1 width=8)  
               ->  Parallel Seq Scan on a  (cost=0.00..10834.00 rows=250000 width=0)  
(5 rows)  
  
postgres=# explain (analyze,verbose,timing,costs,buffers) select count(*) from a;  
                                                                 QUERY PLAN                                                                    
---------------------------------------------------------------------------------------------------------------------------------------------  
 Finalize Aggregate  (cost=11459.02..11459.03 rows=1 width=8) (actual time=177.549..179.733 rows=1 loops=1)  
   Output: count(*)  
   Buffers: shared hit=8334  
   ->  Gather  (cost=11459.00..11459.01 rows=4 width=8) (actual time=177.414..179.723 rows=5 loops=1)  
         Output: (PARTIAL count(*))  
         Workers Planned: 4  
         Workers Launched: 4  
         Buffers: shared hit=8334  
         ->  Partial Aggregate  (cost=11459.00..11459.01 rows=1 width=8) (actual time=166.202..166.202 rows=1 loops=5)  
               Output: PARTIAL count(*)  
               Buffers: shared hit=8334  
               Worker 0:  actual time=163.956..163.956 rows=1 loops=1  
                 Buffers: shared hit=1671  
               Worker 1:  actual time=163.958..163.958 rows=1 loops=1  
                 Buffers: shared hit=1610  
               Worker 2:  actual time=163.525..163.526 rows=1 loops=1  
                 Buffers: shared hit=1657  
               Worker 3:  actual time=163.678..163.679 rows=1 loops=1  
                 Buffers: shared hit=1651  
               ->  Parallel Seq Scan on public.a  (cost=0.00..10834.00 rows=250000 width=0) (actual time=0.432..147.447 rows=200000 loops=5)  
                     Output: id, info  
                     Buffers: shared hit=8334  
                     Worker 0:  actual time=0.744..145.298 rows=200440 loops=1  
                       Buffers: shared hit=1671  
                     Worker 1:  actual time=0.120..146.276 rows=193200 loops=1  
                       Buffers: shared hit=1610  
                     Worker 2:  actual time=0.562..144.802 rows=198840 loops=1  
                       Buffers: shared hit=1657  
                     Worker 3:  actual time=0.021..144.991 rows=198120 loops=1  
                       Buffers: shared hit=1651  
 Planning Time: 0.053 ms  
 Execution Time: 179.766 ms  
(32 rows)  
```  
  
补充说明:   
1、PG并行计算的COST只算一个worker的cost, 所以你会发现即使算上启动代价, 并行的代价也可能比非并行更低. 否则优化器就永远不可能使用并行了.   
2、OLTP系统建议把并行的启动代价尽量调高, 或者关闭自动并行, 因为OLTP系统对SQL的RT非常敏感, 万一系统中有个外部(DBA或者开发者呀)角色跑了个大查询, 启用并行可能更容易把资源消耗光, 导致业务的高并发小SQL RT抖动影响业务体验.   
  
参考:  
- [《PostgreSQL 并行计算解说 汇总》](../201903/20190318_05.md)    
- [《PostgreSQL 11 并行计算算法，参数，强制并行度设置》](../201812/20181218_01.md)    
- [《PostgreSQL 9.6 并行计算 优化器算法浅析》](../201608/20160816_02.md)    
  
  
  
#### [期望 PostgreSQL 增加什么功能?](https://github.com/digoal/blog/issues/76 "269ac3d1c492e938c0191101c7238216")
  
  
#### [PolarDB for PostgreSQL云原生分布式开源数据库](https://github.com/ApsaraDB/PolarDB-for-PostgreSQL "57258f76c37864c6e6d23383d05714ea")
  
  
#### [PostgreSQL 解决方案集合](https://yq.aliyun.com/topic/118 "40cff096e9ed7122c512b35d8561d9c8")
  
  
#### [德哥 / digoal's github - 公益是一辈子的事.](https://github.com/digoal/blog/blob/master/README.md "22709685feb7cab07d30f30387f0a9ae")
  
  
![digoal's wechat](../pic/digoal_weixin.jpg "f7ad92eeba24523fd47a6e1a0e691b59")
  
  
#### [PolarDB 学习图谱: 训练营、培训认证、在线互动实验、解决方案、生态合作、写心得拿奖品](https://www.aliyun.com/database/openpolardb/activity "8642f60e04ed0c814bf9cb9677976bd4")
  
  
#### [购买PolarDB云服务折扣活动进行中, 55元起](https://www.aliyun.com/activity/new/polardb-yunparter?userCode=bsb3t4al "e0495c413bedacabb75ff1e880be465a")
  
  
#### [About 德哥](https://github.com/digoal/blog/blob/master/me/readme.md "a37735981e7704886ffd590565582dd0")
  
