## DuckDB 相关子查询query rewrite能力, 自动消除相关子查询大幅提升性能. PostgreSQL 优化器有待改进   
                  
### 作者                  
digoal                  
                  
### 日期                  
2023-05-29                  
                  
### 标签                  
PostgreSQL , PolarDB , DuckDB , 相关子查询 , 循环 , query rewrite , JOIN , 窗口 , 性能                       
                  
----                  
                  
## 背景     
    
https://duckdb.org/2023/05/26/correlated-subqueries-in-sql.html  
  
## 子查询的类型  
SQL 子查询主要有两种形式：作为表达式的子查询和作为表的子查询。用作表达式的子查询可以用在SELECTorWHERE子句中。用作表的子查询可以在FROM子句中使用。在这篇博文中，我们将重点关注用作表达式的子查询。未来的博客文章将讨论子查询作为表。  
  
作为表达式的子查询以三种形式存在。  
- 标量子查询  
- EXISTS  
- IN/ ANY/ALL  
  
所有子查询都可以是相关的或不相关的。不相关子查询是独立于外部查询的查询。相关子查询是包含来自外部查询的表达式的子查询。关联子查询可以看作是参数化子查询。  
  
### 不相关的标量子查询  
不相关的标量子查询只能返回一个值。  
  
```  
SELECT MIN(distance)  
FROM ontime;  
  
SELECT uniquecarrier, origincityname, destcityname, flightdate  
FROM ontime  
WHERE distance=(  
     SELECT MIN(distance)  
     FROM ontime  
);  
```  
  
### 相关标量子查询  
  
虽然不相关的子查询很强大，但它们有一个硬性限制：只能返回一个值。通常，我们想要做的是参数化查询，以便我们可以每行返回不同的值。  
  
例如，假设我们要查找每个承运人的所有最短航班。我们可以使用以下参数化查询找到特定承运人的最短航班：  
  
```  
PREPARE min_distance_per_carrier AS  
SELECT MIN(distance)  
FROM ontime  
WHERE uniquecarrier=?;  
```  
  
  
如果我们想将这个参数化查询用作子查询，我们需要使用相关子查询。相关子查询允许我们通过引用外部查询中的列来将参数化查询用作标量子查询。我们可以使用以下查询获取每个承运人的最短航班集：  
  
```  
SELECT uniquecarrier, origincityname, destcityname, flightdate, distance  
FROM ontime AS ontime_outer  
WHERE distance=(  
     SELECT MIN(distance)  
     FROM ontime  
     WHERE uniquecarrier=ontime_outer.uniquecarrier  
);  
```  
  
PostgreSQL为例, 相关子查询性能其实是比较差的, 原因是优化器会使用循环来执行每个子查询, 记录越多, 循环次数越多.   
  
Postgres 和 SQLite 不会自动取消子查询的相关性，因此查询不仅在逻辑上，而且实际上对每一行执行一次。结果，子查询在这些系统中执行了9000 次，这需要花费大量时间。  
  
而duckdb会自动消除相关子查询. 优化器rewrite有点意思, 降低了人为的SQL改写干预操作.  
  
  
## 例子  
  
```  
postgres=# create table x (id int, sub text, score numeric);  
CREATE TABLE  
postgres=# insert into x select generate_series(1,1000), unnest, round(random()::numeric*100, 2) from  unnest(array['语文', '数学', '英语', '物理', '化学', '历史', '地理', '政治', '生物']);  
INSERT 0 9000  
postgres=# select * from x where score=(select min(score) from x as t where x.sub=t.sub );  
 id  | sub  | score   
-----+------+-------  
 730 | 语文 |  0.14  
 770 | 数学 |  0.08  
 299 | 英语 |  0.07  
 484 | 物理 |  0.08  
 557 | 化学 |  0.06  
 265 | 历史 |  0.29  
  56 | 地理 |  0.20  
 873 | 地理 |  0.20  
 492 | 政治 |  0.07  
 821 | 生物 |  0.25  
(10 rows)  
  
  
postgres=# explain analyze select * from x where score=(select min(score) from x as t where x.sub=t.sub );  
                                                      QUERY PLAN                                                        
----------------------------------------------------------------------------------------------------------------------  
 Seq Scan on x  (cost=0.00..1557260.50 rows=45 width=17) (actual time=550.946..7085.156 rows=10 loops=1)  
   Filter: (score = (SubPlan 1))  
   Rows Removed by Filter: 8990  
   SubPlan 1  
     ->  Aggregate  (cost=173.00..173.01 rows=1 width=32) (actual time=0.786..0.786 rows=1 loops=9000)  
           ->  Seq Scan on x t  (cost=0.00..170.50 rows=1000 width=6) (actual time=0.266..0.674 rows=1000 loops=9000)  
                 Filter: (x.sub = sub)  
                 Rows Removed by Filter: 8000  
 Planning Time: 0.169 ms  
 Execution Time: 7085.188 ms  
(10 rows)  
```  
  
在PostgreSQL中有两种改写相关子查询的方法, 来提升性能:  
  
1、采用窗口函数改写SQL消除相关子查询  
  
```  
postgres=# select id,sub,score from (  
postgres(# select rank() over w as rk, * from x window w as (partition by sub order by score)) t  
postgres-# where rk=1;  
 id  | sub  | score   
-----+------+-------  
 557 | 化学 |  0.06  
 265 | 历史 |  0.29  
 873 | 地理 |  0.20  
  56 | 地理 |  0.20  
 492 | 政治 |  0.07  
 770 | 数学 |  0.08  
 484 | 物理 |  0.08  
 821 | 生物 |  0.25  
 299 | 英语 |  0.07  
 730 | 语文 |  0.14  
(10 rows)  
  
  
                                                      QUERY PLAN                                                        
----------------------------------------------------------------------------------------------------------------------  
 Subquery Scan on t  (cost=739.11..1031.61 rows=45 width=17) (actual time=16.829..25.757 rows=10 loops=1)  
   Filter: (t.rk = 1)  
   Rows Removed by Filter: 8990  
   ->  WindowAgg  (cost=739.11..919.11 rows=9000 width=25) (actual time=16.826..25.059 rows=9000 loops=1)  
         ->  Sort  (cost=739.11..761.61 rows=9000 width=17) (actual time=16.810..18.162 rows=9000 loops=1)  
               Sort Key: x.sub, x.score  
               Sort Method: quicksort  Memory: 1082kB  
               ->  Seq Scan on x  (cost=0.00..148.00 rows=9000 width=17) (actual time=0.014..2.104 rows=9000 loops=1)  
 Planning Time: 0.098 ms  
 Execution Time: 25.855 ms  
(10 rows)  
```  
  
2、使用JOIN来消除相关子查询:  
  
```  
postgres=# select x.* from x  
postgres-# join (select sub,min(score) min_score from x group by sub) as t  
postgres-# on (x.sub=t.sub and score=min_score);  
 id  | sub  | score   
-----+------+-------  
 730 | 语文 |  0.14  
 770 | 数学 |  0.08  
 299 | 英语 |  0.07  
 484 | 物理 |  0.08  
 557 | 化学 |  0.06  
 265 | 历史 |  0.29  
  56 | 地理 |  0.20  
 873 | 地理 |  0.20  
 492 | 政治 |  0.07  
 821 | 生物 |  0.25  
(10 rows)  
  
  
  
                                                        QUERY PLAN                                                          
--------------------------------------------------------------------------------------------------------------------------  
 Hash Join  (cost=193.31..388.56 rows=2 width=17) (actual time=5.340..8.217 rows=10 loops=1)  
   Hash Cond: ((x.sub = x_1.sub) AND (x.score = (min(x_1.score))))  
   ->  Seq Scan on x  (cost=0.00..148.00 rows=9000 width=17) (actual time=0.012..1.071 rows=9000 loops=1)  
   ->  Hash  (cost=193.18..193.18 rows=9 width=39) (actual time=4.967..4.968 rows=9 loops=1)  
         Buckets: 1024  Batches: 1  Memory Usage: 9kB  
         ->  HashAggregate  (cost=193.00..193.09 rows=9 width=39) (actual time=4.957..4.960 rows=9 loops=1)  
               Group Key: x_1.sub  
               Batches: 1  Memory Usage: 24kB  
               ->  Seq Scan on x x_1  (cost=0.00..148.00 rows=9000 width=13) (actual time=0.005..1.309 rows=9000 loops=1)  
 Planning Time: 0.189 ms  
 Execution Time: 8.266 ms  
(11 rows)  
```  
  
  
由于 Postgres 和 SQLite 不会自动取消子查询的相关性，因此查询不仅在逻辑上，而且实际上对每一行执行一次。结果，子查询在这些系统中执行了9000 次，这需要花费大量时间。  
  
而duckdb会自动消除相关子查询. 优化器query rewrite有点意思, 降低了人为的SQL改写干预操作.  
  
```  
EXPLAIN SELECT uniquecarrier, origincityname, destcityname, flightdate, distance  
FROM ontime AS ontime_outer  
WHERE distance=(  
     SELECT MIN(distance)  
     FROM ontime  
     WHERE uniquecarrier=ontime_outer.uniquecarrier  
);  
  
┌───────────────────────────┐  
│         HASH_JOIN         │   
│   ─ ─ ─ ─ ─ ─ ─ ─ ─ ─ ─   │   
│      uniquecarrier =      │   
│       uniquecarrier       ├──────────────┐  
└─────────────┬─────────────┘              │  
┌─────────────┴─────────────┐┌─────────────┴─────────────┐  
│         SEQ_SCAN          ││       HASH_GROUP_BY       │  
│   ─ ─ ─ ─ ─ ─ ─ ─ ─ ─ ─   ││   ─ ─ ─ ─ ─ ─ ─ ─ ─ ─ ─   │  
│           ontime          ││       uniquecarrier       │  
└───────────────────────────┘│       min(distance)       │  
                             └─────────────┬─────────────┘  
                             ┌─────────────┴─────────────┐  
                             │         SEQ_SCAN          │  
                             │   ─ ─ ─ ─ ─ ─ ─ ─ ─ ─ ─   │  
                             │           ontime          │  
                             └───────────────────────────┘  
```  
    
  
#### [期望 PostgreSQL|开源PolarDB 增加什么功能?](https://github.com/digoal/blog/issues/76 "269ac3d1c492e938c0191101c7238216")
  
  
#### [PolarDB 云原生分布式开源数据库](https://github.com/ApsaraDB "57258f76c37864c6e6d23383d05714ea")
  
  
#### [PolarDB 学习图谱: 训练营、培训认证、在线互动实验、解决方案、内核开发公开课、生态合作、写心得拿奖品](https://www.aliyun.com/database/openpolardb/activity "8642f60e04ed0c814bf9cb9677976bd4")
  
  
#### [PostgreSQL 解决方案集合](../201706/20170601_02.md "40cff096e9ed7122c512b35d8561d9c8")
  
  
#### [德哥 / digoal's github - 公益是一辈子的事.](https://github.com/digoal/blog/blob/master/README.md "22709685feb7cab07d30f30387f0a9ae")
  
  
![digoal's wechat](../pic/digoal_weixin.jpg "f7ad92eeba24523fd47a6e1a0e691b59")
  
  
#### [购买PolarDB云服务折扣活动进行中, 55元起](https://www.aliyun.com/activity/new/polardb-yunparter?userCode=bsb3t4al "e0495c413bedacabb75ff1e880be465a")
  
  
#### [About 德哥](https://github.com/digoal/blog/blob/master/me/readme.md "a37735981e7704886ffd590565582dd0")
  
