## 处女座忍不了的 - 5 - MySQL 去重       
                                    
### 作者                                    
digoal                                    
                                    
### 日期                                    
2020-10-31                                    
                                    
### 标签                                    
PostgreSQL , MySQL                                
                                    
----                                    
                                    
## 背景             
    
https://www.runoob.com/mysql/mysql-handling-duplicates.html    
    
删除重复数据    
如果你想删除数据表中的重复数据，你可以使用以下的SQL语句：    
    
```    
mysql> CREATE TABLE tmp SELECT last_name, first_name, sex FROM person_tbl  GROUP BY (last_name, first_name, sex);    
mysql> DROP TABLE person_tbl;    
mysql> ALTER TABLE tmp RENAME TO person_tbl;    
```    
    
当然你也可以在数据表中添加 INDEX（索引） 和 PRIMAY KEY（主键）这种简单的方法来删除表中的重复记录。方法如下：    
    
```    
mysql> ALTER IGNORE TABLE person_tbl    
    -> ADD PRIMARY KEY (last_name, first_name);    
```    
    
处女座不能忍的地方有几条:    
    
1、去重要新建表, 需要rename, 不能在一个事务中完成, 而且要锁全表.    
2、去重要新建表, 如果原来的表有referenced table(外表依赖), 依赖关系将破灭, 需要重建, 而且去重过程中存在导致依赖关系彻底破灭的危险.     
3、使用ALTER IGNORE TABLE一步去重没有办法指定去重的规则, 例如保留被修改的时间最近的记录.      
    
PostgreSQL去重很简单, 用创建和行号定位即可, 不存在以上问题.    
    
```    
postgres=> create table tbl (col int, c1 int, c2 int, mod_time timestamp);    
CREATE TABLE    
postgres=> insert into tbl select random()*10000 , random()*100, random()*100, clock_Timestamp() from generate_series(1,1000000);    
INSERT 0 1000000    
postgres=> select count(*) from (select count(*), col from tbl group by col having count(*)>1) t;    
 count     
-------    
 10001    
(1 row)    
```    
    
窗口+行号去重    
    
```    
delete from tbl where ctid = any (array    
  (    
    select ctid from     
      (select ctid, row_number() over w AS rn from tbl    
       window w as (partition by col order by mod_time desc)     
      ) t    
    where rn <> 1    
  )    
);    
    
    
                                        QUERY PLAN                                             
-------------------------------------------------------------------------------------------    
 Delete on tbl  (cost=7459.51..7470.61 rows=10 width=6)    
   InitPlan 1 (returns $0)    
     ->  Subquery Scan on t  (cost=7134.47..7459.50 rows=9951 width=6)    
           Filter: (t.rn <> 1)    
           ->  WindowAgg  (cost=7134.47..7334.49 rows=10001 width=26)    
                 ->  Sort  (cost=7134.47..7159.47 rows=10001 width=18)    
                       Sort Key: tbl_1.col, tbl_1.mod_time DESC    
                       ->  Seq Scan on tbl tbl_1  (cost=0.00..6470.01 rows=10001 width=18)    
   ->  Tid Scan on tbl  (cost=0.01..11.11 rows=10 width=6)    
         TID Cond: (ctid = ANY ($0))    
(10 rows)    
```    
    
```    
DELETE 989999    
Time: 1662.168 ms (00:01.662)    
    
postgres=> select count(*) from tbl;    
 count     
-------    
 10001    
(1 row)    
    
Time: 34.903 ms    
postgres=> select count(*) from (select count(*), col from tbl group by col having count(*)>1) t;    
 count     
-------    
     0    
(1 row)    
    
Time: 13.268 ms    
postgres=> select * from tbl where col=1;    
 col | c1 | c2 |          mod_time              
-----+----+----+----------------------------    
   1 | 74 | 77 | 2020-10-31 17:06:28.515718    
(1 row)    
    
Time: 12.589 ms    
```    
    
更多去重方法    
    
[《递归+排序字段加权 skip scan 解决 窗口查询多列分组去重的性能问题》](../202006/20200615_01.md)      
    
[《PostgreSQL 排序去重limit查询优化 - 递归 vs group分组 (loop降到极限, block scan降到极限)》](../202005/20200515_01.md)      
    
[《PostgreSQL 分区表、继承表 记录去重方法》](../201810/20181022_01.md)      
    
[《PostgreSQL 递归妙用案例 - 分组数据去重与打散》](../201804/20180406_01.md)      
    
[《PostgreSQL 相似文本检索与去重 - (银屑病怎么治？银屑病怎么治疗？银屑病怎么治疗好？银屑病怎么能治疗好？)》](../201803/20180329_01.md)      
    
[《PostgreSQL 数据去重方法大全》](../201706/20170602_01.md)      
    
[《导购系统 - 电商内容去重\内容筛选应用(实时识别转载\盗图\侵权?) - 文本、图片集、商品集、数组相似判定的优化和索引技术》](../201701/20170112_02.md)      
    
[《PostgreSQL 在视频、图片去重，图像搜索业务中的应用》](../201611/20161126_01.md)      
    
     
    
  
#### [PostgreSQL 许愿链接](https://github.com/digoal/blog/issues/76 "269ac3d1c492e938c0191101c7238216")
您的愿望将传达给PG kernel hacker、数据库厂商等, 帮助提高数据库产品质量和功能, 说不定下一个PG版本就有您提出的功能点. 针对非常好的提议，奖励限量版PG文化衫、纪念品、贴纸、PG热门书籍等，奖品丰富，快来许愿。[开不开森](https://github.com/digoal/blog/issues/76 "269ac3d1c492e938c0191101c7238216").  
  
  
#### [9.9元购买3个月阿里云RDS PostgreSQL实例](https://www.aliyun.com/database/postgresqlactivity "57258f76c37864c6e6d23383d05714ea")
  
  
#### [PostgreSQL 解决方案集合](https://yq.aliyun.com/topic/118 "40cff096e9ed7122c512b35d8561d9c8")
  
  
#### [德哥 / digoal's github - 公益是一辈子的事.](https://github.com/digoal/blog/blob/master/README.md "22709685feb7cab07d30f30387f0a9ae")
  
  
![digoal's wechat](../pic/digoal_weixin.jpg "f7ad92eeba24523fd47a6e1a0e691b59")
  
  
#### [PolarDB 学习图谱: 训练营、培训认证、在线互动实验、解决方案、生态合作、写心得拿奖品](https://www.aliyun.com/database/openpolardb/activity "8642f60e04ed0c814bf9cb9677976bd4")
  
  
#### [购买PolarDB云服务折扣活动进行中, 55元起](https://www.aliyun.com/activity/new/polardb-yunparter?userCode=bsb3t4al "e0495c413bedacabb75ff1e880be465a")
  
  
#### [About 德哥](https://github.com/digoal/blog/blob/master/me/readme.md "a37735981e7704886ffd590565582dd0")
  
