## DB吐槽大会,第86期 - PG 优化器 incremental sort , merge sort , query rewrite 支持场景有限    
            
### 作者            
digoal            
            
### 日期            
2023-06-13            
            
### 标签            
PostgreSQL , PolarDB , merge sort , incremental sort , 优化器 , query rewrite              
            
----            
            
## 背景            
[视频回放]()      
  
[《PostgreSQL 14 preview - 支持window function的incremental sort》](../202009/20200916_01.md)    
  
[《PostgreSQL 11 preview - Incremental Sort(排序优化)》](../201803/20180323_04.md)    
  
[《PostgreSQL 16 preview - 优化器支持Incremental Sort for DISTINCT》](../202301/20230111_02.md)    
  
incremental sort主要是减少大批量数据排序带来的CPU开销, 如果数据扫描过程中已经保证了数据返回是有序的, 在下一个节点则可以使用增量排序.    
  
但是支持比较有限, 例如下面这些场景都没有办法用到incremental sort, 也没有使用merge sort.   
  
```  
postgres=# create table test (c1 int, c2 int, c3 timestamp);  
CREATE TABLE  
postgres=# insert into test select random()*100, random()*10, clock_timestamp() from generate_series(1,1000000);  
INSERT 0 1000000  
postgres=# create index on test (c1,c2,c3);  
CREATE INDEX  
postgres=# analyze test;  
ANALYZE  
postgres=# insert into test select random()*100, random()*10, clock_timestamp() from generate_series(1,1000000);  
INSERT 0 1000000  
postgres=# analyze test;  
ANALYZE  
```  
  
  
```  
postgres=# explain analyze select * from (select * from test where c1=1 and c2=1 union all select * from test where c1=1 and c2=2 ) as t order by c3;  
                                                                       QUERY PLAN                                                                         
--------------------------------------------------------------------------------------------------------------------------------------------------------  
 Sort  (cost=392.97..403.68 rows=4286 width=16) (actual time=3.509..3.883 rows=4019 loops=1)  
   Sort Key: test.c3  
   Sort Method: quicksort  Memory: 253kB  
   ->  Append  (cost=0.43..134.41 rows=4286 width=16) (actual time=0.117..2.032 rows=4019 loops=1)  
         ->  Index Only Scan using test_c1_c2_c3_idx on test  (cost=0.43..56.41 rows=2139 width=16) (actual time=0.115..0.704 rows=2003 loops=1)  
               Index Cond: ((c1 = 1) AND (c2 = 1))  
               Heap Fetches: 0  
         ->  Index Only Scan using test_c1_c2_c3_idx on test test_1  (cost=0.43..56.57 rows=2147 width=16) (actual time=0.024..0.534 rows=2016 loops=1)  
               Index Cond: ((c1 = 1) AND (c2 = 2))  
               Heap Fetches: 0  
 Planning Time: 0.396 ms  
 Execution Time: 4.250 ms  
(12 rows)  
  
  
  
postgres=# explain analyze select * from (select * from test where c1=1  union all select * from test where c1=2 ) as t order by c3;  
                                                                        QUERY PLAN                                                                           
-----------------------------------------------------------------------------------------------------------------------------------------------------------  
 Sort  (cost=4093.03..4190.86 rows=39133 width=16) (actual time=20.905..23.855 rows=40070 loops=1)  
   Sort Key: test.c3  
   Sort Method: quicksort  Memory: 3102kB  
   ->  Append  (cost=0.43..1107.95 rows=39133 width=16) (actual time=0.023..11.305 rows=40070 loops=1)  
         ->  Index Only Scan using test_c1_c2_c3_idx on test  (cost=0.43..470.53 rows=20200 width=16) (actual time=0.023..3.537 rows=20042 loops=1)  
               Index Cond: (c1 = 1)  
               Heap Fetches: 0  
         ->  Index Only Scan using test_c1_c2_c3_idx on test test_1  (cost=0.43..441.75 rows=18933 width=16) (actual time=0.030..2.616 rows=20028 loops=1)  
               Index Cond: (c1 = 2)  
               Heap Fetches: 0  
 Planning Time: 0.255 ms  
 Execution Time: 26.104 ms  
(12 rows)  
  
  
postgres=# explain analyze select * from test where c1 in (1,2)  order by c3;  
                                                                  QUERY PLAN                                                                     
-----------------------------------------------------------------------------------------------------------------------------------------------  
 Sort  (cost=3895.17..3993.01 rows=39133 width=16) (actual time=21.573..24.208 rows=40070 loops=1)  
   Sort Key: c3  
   Sort Method: quicksort  Memory: 3102kB  
   ->  Index Only Scan using test_c1_c2_c3_idx on test  (cost=0.43..910.09 rows=39133 width=16) (actual time=0.032..11.376 rows=40070 loops=1)  
         Index Cond: (c1 = ANY ('{1,2}'::integer[]))  
         Heap Fetches: 0  
 Planning Time: 0.140 ms  
 Execution Time: 26.950 ms  
(8 rows)  
  
  
  
postgres=# set work_mem ='64kB';  
SET  
postgres=# explain analyze select * from (select * from test where c1=1  union all select * from test where c1=2 ) as t order by c3;  
                                                                        QUERY PLAN                                                                           
-----------------------------------------------------------------------------------------------------------------------------------------------------------  
 Sort  (cost=4880.23..4978.06 rows=39133 width=16) (actual time=29.418..32.977 rows=40070 loops=1)  
   Sort Key: test.c3  
   Sort Method: external merge  Disk: 1048kB  
   ->  Append  (cost=0.43..1107.95 rows=39133 width=16) (actual time=0.030..11.332 rows=40070 loops=1)  
         ->  Index Only Scan using test_c1_c2_c3_idx on test  (cost=0.43..470.53 rows=20200 width=16) (actual time=0.029..3.559 rows=20042 loops=1)  
               Index Cond: (c1 = 1)  
               Heap Fetches: 0  
         ->  Index Only Scan using test_c1_c2_c3_idx on test test_1  (cost=0.43..441.75 rows=18933 width=16) (actual time=0.015..2.645 rows=20028 loops=1)  
               Index Cond: (c1 = 2)  
               Heap Fetches: 0  
 Planning Time: 0.212 ms  
 Execution Time: 36.555 ms  
(12 rows)  
```  
  
以上都没有用到merge sort, incremental sort.    
  
  
下面就更加不行了, 因为还涉及query rewrite.  
  
```  
create table test(id int, c1 text, c2 date, c3 text, c4 float);  
  
create index idx on test (c1,c2,c4 desc)  
  
select * from test  
where  
c1 in ('1','2','3')  
and c2 between current_date-1 and current_date  
order by c4 desc limit 10;  
```  
  
`c1, c2` 都是离散值.      
  
`c1,c2`在输入条件`c1 in ('1','2','3') and c2 between current_date-1 and current_date`中的所有可能值可以组成一个有限的排列组合.      
  
`idx`索引的每个`c1,c2`组合下的所有`index tuple`在`c4 desc`上是有序的, 所以使用`idx`索引, 按每个`c1,c2`组合跳跃查询, 并持续使用`merge sort(c4)`, 即可最高效的返回数据.       
  
每个`c1,c2`组合跳跃查询可以使用并行进行. 例如每个worker扫描一组`c1,c2`条件.     
  
  
  
#### [期望 PostgreSQL|开源PolarDB 增加什么功能?](https://github.com/digoal/blog/issues/76 "269ac3d1c492e938c0191101c7238216")
  
  
#### [PolarDB 云原生分布式开源数据库](https://github.com/ApsaraDB "57258f76c37864c6e6d23383d05714ea")
  
  
#### [PolarDB 学习图谱: 训练营、培训认证、在线互动实验、解决方案、内核开发公开课、生态合作、写心得拿奖品](https://www.aliyun.com/database/openpolardb/activity "8642f60e04ed0c814bf9cb9677976bd4")
  
  
#### [PostgreSQL 解决方案集合](../201706/20170601_02.md "40cff096e9ed7122c512b35d8561d9c8")
  
  
#### [德哥 / digoal's github - 公益是一辈子的事.](https://github.com/digoal/blog/blob/master/README.md "22709685feb7cab07d30f30387f0a9ae")
  
  
![digoal's wechat](../pic/digoal_weixin.jpg "f7ad92eeba24523fd47a6e1a0e691b59")
  
  
#### [购买PolarDB云服务折扣活动进行中, 55元起](https://www.aliyun.com/activity/new/polardb-yunparter?userCode=bsb3t4al "e0495c413bedacabb75ff1e880be465a")
  
  
#### [About 德哥](https://github.com/digoal/blog/blob/master/me/readme.md "a37735981e7704886ffd590565582dd0")
  
