## PostgreSQL 分区表跨分区merge append sort、union all merge append sort. 合并排序|归并排序优化例子    
                        
### 作者                        
digoal                        
                        
### 日期                        
2022-08-23                       
                        
### 标签                        
PostgreSQL , merge , append , sort , 合并排序 , 归并排序                
                        
----                        
                        
## 背景      
1、分区表跨分区, 非分区字段排序, limit 输出. 采用归并排序, 减少扫描量.      
    
```  
create unlogged table a (id int, event_time timestamp, crt_time timestamp, info text) partition by range (event_time);    
create unlogged table a_202208 partition of a FOR VALUES from ('2022-08-01') to ('2022-09-01');  
create unlogged table a_202209 partition of a FOR VALUES from ('2022-09-01') to ('2022-10-01');  
create unlogged table a_202210 partition of a FOR VALUES from ('2022-10-01') to ('2022-11-01');  
create unlogged table a_202211 partition of a FOR VALUES from ('2022-11-01') to ('2022-12-01');  
create unlogged table a_202212 partition of a FOR VALUES from ('2022-12-01') to ('2023-01-01');  
  
    
insert into a select id, clock_timestamp()+((id+random()*100)||' second')::interval, clock_timestamp()+((id+random()*100)||' second')::interval, (random()*100)::int::text    
from generate_series(1,10000000) id;    
    
select min(event_time), max(event_time), min(crt_time), max(crt_time) from a;      
    
            min             |            max             |            min             |            max               
----------------------------+----------------------------+----------------------------+----------------------------  
 2022-08-23 09:48:28.863123 | 2022-12-17 03:36:35.075502 | 2022-08-23 09:48:17.593018 | 2022-12-17 03:36:29.636226  
(1 row)  
```  
    
```  
create index idx_a on a (info,crt_time);    
  
select * from a where info='2' and event_time between '2022-09-01' and '2022-11-02' order by crt_time desc limit 10;    
```  
  
```  
set enable_sort=off;  
    
  
explain select * from a where info='2' and event_time between '2022-09-01' and '2022-11-02' order by crt_time desc limit 10;    
  
 Limit  (cost=1.31..35.41 rows=10 width=22)  
   ->  Merge Append  (cost=1.31..194270.80 rows=56983 width=22)  
         Sort Key: a.crt_time DESC  
         ->  Index Scan Backward using a_202209_info_crt_time_idx on a_202209 a_1  (cost=0.43..66554.31 rows=28679 width=22)  
               Index Cond: (info = '2'::text)  
               Filter: ((event_time >= '2022-09-01 00:00:00'::timestamp without time zone) AND (event_time <= '2022-11-02 00:00:00'::timestamp without time zone))  
         ->  Index Scan Backward using a_202210_info_crt_time_idx on a_202210 a_2  (cost=0.43..65817.10 rows=27493 width=22)  
               Index Cond: (info = '2'::text)  
               Filter: ((event_time >= '2022-09-01 00:00:00'::timestamp without time zone) AND (event_time <= '2022-11-02 00:00:00'::timestamp without time zone))  
         ->  Index Scan Backward using a_202211_info_crt_time_idx on a_202211 a_3  (cost=0.43..61162.88 rows=811 width=22)  
               Index Cond: (info = '2'::text)  
               Filter: ((event_time >= '2022-09-01 00:00:00'::timestamp without time zone) AND (event_time <= '2022-11-02 00:00:00'::timestamp without time zone))  
(12 rows)  
```  
  
2、多个分段SQL, 按某字段排序, limit 分页返回. 使用 union all + Merge Append sort 优化, 减少扫描量.  参考下文  
  
[《PostgreSQL 优化case - where A字段范围 order by B字段排序 limit x》](../202007/20200710_01.md)      
  
  
  
#### [期望 PostgreSQL 增加什么功能?](https://github.com/digoal/blog/issues/76 "269ac3d1c492e938c0191101c7238216")
  
  
#### [PolarDB for PostgreSQL云原生分布式开源数据库](https://github.com/ApsaraDB/PolarDB-for-PostgreSQL "57258f76c37864c6e6d23383d05714ea")
  
  
#### [PostgreSQL 解决方案集合](https://yq.aliyun.com/topic/118 "40cff096e9ed7122c512b35d8561d9c8")
  
  
#### [德哥 / digoal's github - 公益是一辈子的事.](https://github.com/digoal/blog/blob/master/README.md "22709685feb7cab07d30f30387f0a9ae")
  
  
![digoal's wechat](../pic/digoal_weixin.jpg "f7ad92eeba24523fd47a6e1a0e691b59")
  
  
#### [PolarDB 学习图谱: 训练营、培训认证、在线互动实验、解决方案、生态合作、写心得拿奖品](https://www.aliyun.com/database/openpolardb/activity "8642f60e04ed0c814bf9cb9677976bd4")
  
  
#### [购买PolarDB云服务折扣活动进行中, 55元起](https://www.aliyun.com/activity/new/polardb-yunparter?userCode=bsb3t4al "e0495c413bedacabb75ff1e880be465a")
  
  
#### [About 德哥](https://github.com/digoal/blog/blob/master/me/readme.md "a37735981e7704886ffd590565582dd0")
  
