## PolarDB 开源版通过 pg_trgm GIN 索引实现高效率 `like '%xxx%'` 模糊查询   
                        
### 作者                        
digoal                        
                        
### 日期                        
2022-12-21                        
                        
### 标签                        
PostgreSQL , PolarDB , gin , 多值列 , pg_trgm , 模糊查询       
                  
----               
                   
## 背景         
PolarDB 的云原生存算分离架构, 具备低廉的数据存储、高效扩展弹性、高速多机并行计算能力、高速数据搜索和处理; PolarDB与计算算法结合, 将实现双剑合璧, 推动业务数据的      
价值产出, 将数据变成生产力.                        
                      
本文将介绍PolarDB 开源版通过 pg_trgm GIN 索引实现高效率 `like '%xxx%'` 模糊查询        
                    
测试环境为macos+docker, polardb部署请参考:                      
- [《如何用 PolarDB 证明巴菲特的投资理念 - 包括PolarDB简单部署》](../202209/20220908_02.md)                      
      
## 原理  
pg_trgm将字符串前面加2个空格, 后面加1个空格, 按每连续的3个字符为一组进行切分, 生成一堆tokens, 例如hello被切分为`{"  h"," he",ell,hel,llo,"lo "}1`  
  
```  
postgres=# select show_trgm('hello');  
            show_trgm              
---------------------------------  
 {"  h"," he",ell,hel,llo,"lo "}  
(1 row)  
```  
  
对tokens创建gin索引, 在进行模糊搜索(甚至支持正则搜索)时, 将针对目标字符串条件也进行同样的token化处理(只是前后不需要再加空格, 除非输入了前缀或者后缀限定), 可以使用gin索引快速匹配到目标行.    
  
更多原理可参考:  
- [《重新发现PostgreSQL之美 - 16 like '%西出函谷关%' 模糊查询》](../202106/20210607_01.md)    
  
## 在PolarDB中使用pg_trgm GIN 索引实现高效率 `like '%xxx%'` 模糊查询   
  
1、建表, 生成200万条测试文本  
  
```  
create table tbl (id int, info text);  
  
insert into tbl select id, md5(random()::text) from generate_series(1,1000000) id;  
insert into tbl select id, md5(random()::text) from generate_series(1,1000000) id;  
```  
  
2、在没有索引的情况下, 进行模糊查询, 需要全表扫描, 耗时巨大.  
  
```  
explain (analyze,verbose,timing,costs,buffers) select * from tbl where info like '%abcd%';  
  
postgres=# explain (analyze,verbose,timing,costs,buffers) select * from tbl where info like '%abcd%';  
                                                  QUERY PLAN                                                     
---------------------------------------------------------------------------------------------------------------  
 Seq Scan on public.tbl  (cost=0.00..41665.50 rows=200 width=37) (actual time=2.505..522.958 rows=851 loops=1)  
   Output: id, info  
   Filter: (tbl.info ~~ '%abcd%'::text)  
   Rows Removed by Filter: 1999149  
   Buffers: shared hit=16645 read=22 dirtied=8334  
 Planning Time: 1.643 ms  
 Execution Time: 523.138 ms  
(7 rows)  
```  
  
  
3、创建pg_trgm插件, 以及gin索引.  
  
```  
postgres=# create extension pg_trgm ;  
CREATE EXTENSION  
  
create index on tbl using gin (info gin_trgm_ops);  
```  
  
4、使用pg_trgm GIN 索引实现高效率 `like '%xxx%'` 模糊查询   
  
```  
explain (analyze,verbose,timing,costs,buffers) select * from tbl where info like '%abcd%';  
  
postgres=# explain (analyze,verbose,timing,costs,buffers) select * from tbl where info like '%abcd%';  
                                                        QUERY PLAN                                                          
--------------------------------------------------------------------------------------------------------------------------  
 Bitmap Heap Scan on public.tbl  (cost=29.55..762.82 rows=200 width=37) (actual time=2.445..3.962 rows=851 loops=1)  
   Output: id, info  
   Recheck Cond: (tbl.info ~~ '%abcd%'::text)  
   Rows Removed by Index Recheck: 96  
   Heap Blocks: exact=926  
   Buffers: shared hit=946  
   ->  Bitmap Index Scan on tbl_info_idx  (cost=0.00..29.50 rows=200 width=0) (actual time=2.287..2.288 rows=947 loops=1)  
         Index Cond: (tbl.info ~~ '%abcd%'::text)  
         Buffers: shared hit=20  
 Planning Time: 0.239 ms  
 Execution Time: 4.112 ms  
(11 rows)  
```  
  
性能提升100多倍.   
  
    
## 参考  
[《重新发现PostgreSQL之美 - 16 like '%西出函谷关%' 模糊查询》](../202106/20210607_01.md)    
  
  
#### [期望 PostgreSQL|开源PolarDB 增加什么功能?](https://github.com/digoal/blog/issues/76 "269ac3d1c492e938c0191101c7238216")
  
  
#### [PolarDB 云原生分布式开源数据库](https://github.com/ApsaraDB "57258f76c37864c6e6d23383d05714ea")
  
  
#### [PolarDB 学习图谱: 训练营、培训认证、在线互动实验、解决方案、内核开发公开课、生态合作、写心得拿奖品](https://www.aliyun.com/database/openpolardb/activity "8642f60e04ed0c814bf9cb9677976bd4")
  
  
#### [PostgreSQL 解决方案集合](../201706/20170601_02.md "40cff096e9ed7122c512b35d8561d9c8")
  
  
#### [德哥 / digoal's github - 公益是一辈子的事.](https://github.com/digoal/blog/blob/master/README.md "22709685feb7cab07d30f30387f0a9ae")
  
  
![digoal's wechat](../pic/digoal_weixin.jpg "f7ad92eeba24523fd47a6e1a0e691b59")
  
  
#### [购买PolarDB云服务折扣活动进行中, 55元起](https://www.aliyun.com/activity/new/polardb-yunparter?userCode=bsb3t4al "e0495c413bedacabb75ff1e880be465a")
  
  
#### [About 德哥](https://github.com/digoal/blog/blob/master/me/readme.md "a37735981e7704886ffd590565582dd0")
  
