## DuckDB 对比 PostgreSQL join 优化器推理优化又一例        
                    
### 作者                    
digoal                    
                    
### 日期                    
2022-10-26                    
                    
### 标签                    
PostgreSQL , join , filter , 推理         
                    
----                    
                    
## 背景               
DuckDB JOIN 条件自动推理, 实现更高效率的JOIN.    
  
```  
select * from tbl1 join tbl2 on (tbl1.id=tbl2.id and tbl1.id between 9000000 and 9090000);    
```  
  
## 例子  
  
```  
create table tbl1 (id int, info text);    
create table tbl2 (id int, info text);    
    
insert into tbl1 select generate_series, 'test' from generate_series(1,10000000);    
insert into tbl2 select * from tbl1;    
    
create index idx_tbl1_1 on tbl1(id);    
create index idx_tbl2_1 on tbl2(id);    
  
select * from tbl1 join tbl2 on (tbl1.id=tbl2.id and tbl1.id between 9000000 and 9090000);    
  
PG 使用人工修改的SQL, 性能有极大优化:   
select * from tbl1 join tbl2 on (tbl1.id=tbl2.id and tbl1.id between 9000000 and 9090000 and tbl2.id between 9000000 and 9090000);    
  
DuckDB 自动完成了这个推理:   
D explain analyze select * from tbl1 join tbl2 on (tbl1.id=tbl2.id and tbl1.id between 9000000 and 9090000);    
  
┌─────────────────────────────┐  
│┌───────────────────────────┐│  
│└───────────────────────────┘│  
└─────────────────────────────┘  
┌─────────────────────────────────────┐  
│┌───────────────────────────────────┐│  
││    Query Profiling Information    ││  
│└───────────────────────────────────┘│  
└─────────────────────────────────────┘  
explain analyze select * from tbl1 join tbl2 on (tbl1.id=tbl2.id and tbl1.id between 9000000 and 9090000);    
┌─────────────────────────────────────┐  
│┌───────────────────────────────────┐│  
││        Total Time: 0.0069s        ││  
│└───────────────────────────────────┘│  
└─────────────────────────────────────┘  
┌───────────────────────────┐                               
│      EXPLAIN_ANALYZE      │                               
│   ─ ─ ─ ─ ─ ─ ─ ─ ─ ─ ─   │                               
│             0             │                               
│          (0.00s)          │                               
└─────────────┬─────────────┘                                                            
┌─────────────┴─────────────┐                               
│         PROJECTION        │                               
│   ─ ─ ─ ─ ─ ─ ─ ─ ─ ─ ─   │                               
│             id            │                               
│            info           │                               
│             id            │                               
│            info           │                               
│   ─ ─ ─ ─ ─ ─ ─ ─ ─ ─ ─   │                               
│           90001           │                               
│          (0.00s)          │                               
└─────────────┬─────────────┘                                                            
┌─────────────┴─────────────┐                               
│         HASH_JOIN         │                               
│   ─ ─ ─ ─ ─ ─ ─ ─ ─ ─ ─   │                               
│           INNER           │                               
│          id = id          │                               
│     EC = 400000.000000    ├──────────────┐                
│    COST = 400000.000000   │              │                
│   ─ ─ ─ ─ ─ ─ ─ ─ ─ ─ ─   │              │                
│           90001           │              │                
│          (0.00s)          │              │                
└─────────────┬─────────────┘              │                                             
┌─────────────┴─────────────┐┌─────────────┴─────────────┐  
│          SEQ_SCAN         ││          SEQ_SCAN         │  
│   ─ ─ ─ ─ ─ ─ ─ ─ ─ ─ ─   ││   ─ ─ ─ ─ ─ ─ ─ ─ ─ ─ ─   │  
│            tbl1           ││            tbl2           │  
│   ─ ─ ─ ─ ─ ─ ─ ─ ─ ─ ─   ││   ─ ─ ─ ─ ─ ─ ─ ─ ─ ─ ─   │  
│             id            ││             id            │  
│            info           ││            info           │  
│   ─ ─ ─ ─ ─ ─ ─ ─ ─ ─ ─   ││   ─ ─ ─ ─ ─ ─ ─ ─ ─ ─ ─   │  
│Filters: id>=9000000 AND id││Filters: id>=9000000 AND id│  
│  <=9090000 AND id IS NOT  ││  <=9090000 AND id IS NOT  │  
│            NULL           ││            NULL           │  
│         EC=2000000        ││         EC=2000000        │  
│   ─ ─ ─ ─ ─ ─ ─ ─ ─ ─ ─   ││   ─ ─ ─ ─ ─ ─ ─ ─ ─ ─ ─   │  
│           90001           ││           90001           │  
│          (0.00s)          ││          (0.00s)          │  
└───────────────────────────┘└───────────────────────────┘   
```  
  
即使强制索引(PRAGMA force_index_join;)的情况下, duckdb使用了seqscan. 不过总耗时duckdb优势非常明显: 0.0069s   
  
  
PostgreSQL 14.5, 未进行query rewrite, tbl2扫描起点为lower bound, 需要过滤更多value.    
  
```  
postgres=# explain (analyze,verbose,timing,costs,buffers) select * from tbl1 join tbl2 on (tbl1.id=tbl2.id and tbl1.id between 9000000 and 9090000);  
                                                                     QUERY PLAN                                                                       
----------------------------------------------------------------------------------------------------------------------------------------------------  
 Merge Join  (cost=0.87..267937.72 rows=80919 width=45) (actual time=2416.759..2474.564 rows=90001 loops=1)  
   Output: tbl1.id, tbl1.info, tbl2.id, tbl2.info  
   Merge Cond: (tbl1.id = tbl2.id)  
   Buffers: shared hit=41 read=74671 written=10986  
   ->  Index Scan using idx_tbl1_1 on public.tbl1  (cost=0.43..2301.09 rows=80918 width=9) (actual time=2.187..17.677 rows=90001 loops=1)  
         Output: tbl1.id, tbl1.info  
         Index Cond: ((tbl1.id >= 9000000) AND (tbl1.id <= 9090000))  
         Buffers: shared read=737  
   ->  Index Scan using idx_tbl2_1 on public.tbl2  (cost=0.43..239625.14 rows=10000000 width=36) (actual time=1.171..1668.321 rows=9090001 loops=1)  
         Output: tbl2.id, tbl2.info  
         Buffers: shared hit=41 read=73934 written=10986  
 Planning:  
   Buffers: shared hit=24  
 Planning Time: 0.524 ms  
 Execution Time: 2479.650 ms  
(15 rows)  
  
PG 使用人工修改的SQL, 性能有极大优化:   
postgres=# explain analyze select * from tbl1 join tbl2 on (tbl1.id=tbl2.id and tbl1.id between 9000000 and 9090000 and tbl2.id between 9000000 and 9090000);    
                                                            QUERY PLAN                                                               
-----------------------------------------------------------------------------------------------------------------------------------  
 Merge Join  (cost=0.99..5244.93 rows=715 width=18) (actual time=0.162..59.254 rows=90001 loops=1)  
   Merge Cond: (tbl1.id = tbl2.id)  
   ->  Index Scan using idx_tbl1_1 on tbl1  (cost=0.43..2301.09 rows=80918 width=9) (actual time=0.110..14.689 rows=90001 loops=1)  
         Index Cond: ((id >= 9000000) AND (id <= 9090000))  
   ->  Index Scan using idx_tbl2_1 on tbl2  (cost=0.43..2513.49 rows=88383 width=9) (actual time=0.045..15.092 rows=90001 loops=1)  
         Index Cond: ((id >= 9000000) AND (id <= 9090000))  
 Planning Time: 0.639 ms  
 Execution Time: 64.407 ms  
(8 rows)  
```  
  
## 参考  
[《PostgreSQL 15 期待 - 支持range merge join》](../202106/20210615_06.md)    
  
[《[未完待续] PostgreSQL 超级多表JOIN优化 - 优化器优化》](../201811/20181124_01.md)    
  
[《PostgreSQL merge join 扫描方法实例细说，以及SQL写法注意 或 内核优化建议 - query rewrite》](../201907/20190713_01.md)    
  
  
#### [期望 PostgreSQL 增加什么功能?](https://github.com/digoal/blog/issues/76 "269ac3d1c492e938c0191101c7238216")
  
  
#### [PolarDB for PostgreSQL云原生分布式开源数据库](https://github.com/ApsaraDB/PolarDB-for-PostgreSQL "57258f76c37864c6e6d23383d05714ea")
  
  
#### [PostgreSQL 解决方案集合](https://yq.aliyun.com/topic/118 "40cff096e9ed7122c512b35d8561d9c8")
  
  
#### [德哥 / digoal's github - 公益是一辈子的事.](https://github.com/digoal/blog/blob/master/README.md "22709685feb7cab07d30f30387f0a9ae")
  
  
![digoal's wechat](../pic/digoal_weixin.jpg "f7ad92eeba24523fd47a6e1a0e691b59")
  
  
#### [PolarDB 学习图谱: 训练营、培训认证、在线互动实验、解决方案、生态合作、写心得拿奖品](https://www.aliyun.com/database/openpolardb/activity "8642f60e04ed0c814bf9cb9677976bd4")
  
  
#### [购买PolarDB云服务折扣活动进行中, 55元起](https://www.aliyun.com/activity/new/polardb-yunparter?userCode=bsb3t4al "e0495c413bedacabb75ff1e880be465a")
  
  
#### [About 德哥](https://github.com/digoal/blog/blob/master/me/readme.md "a37735981e7704886ffd590565582dd0")
  
