## DuckDB 对比 PostgreSQL left outer join 优化器推理优化一例      
                  
### 作者                  
digoal                  
                  
### 日期                  
2022-10-24                  
                  
### 标签                  
PostgreSQL , left outer join , filter , 推理       
                  
----                  
                  
## 背景             
注意看这句的差别:  
  
```  
explain analyze select count(*) from a left outer join b on (a.id=b.id) where b.id<100;  
```  
  
PG优化器没有把id<100这个条件推导到a进行filter, 所以要处理更多条数据.  
  
DuckDB优化器增加了表a的Filters: id<100 AND id IS NOT NULL, 处理的数据更少, 性能更佳.  
  
  
```  
D create table a (id int);  
D create table b (id int);  
  
D insert into a select range from range(-10,10001);  
D insert into b select range from range(1,10001);  
  
D select count(*) from a left outer join b on (a.id=b.id) where b.id<100;  
┌──────────────┐  
│ count_star() │  
├──────────────┤  
│ 99           │  
└──────────────┘  
D select count(*) from a left outer join b on (a.id=b.id and b.id<100);  
┌──────────────┐  
│ count_star() │  
├──────────────┤  
│ 10011        │  
└──────────────┘  
D explain select count(*) from a left outer join b on (a.id=b.id) where b.id<100;  
  
┌─────────────────────────────┐  
│┌───────────────────────────┐│  
││       Physical Plan       ││  
│└───────────────────────────┘│  
└─────────────────────────────┘  
┌───────────────────────────┐                               
│    UNGROUPED_AGGREGATE    │                               
│   ─ ─ ─ ─ ─ ─ ─ ─ ─ ─ ─   │                               
│        count_star()       │                               
└─────────────┬─────────────┘                                                            
┌─────────────┴─────────────┐                               
│         HASH_JOIN         │                               
│   ─ ─ ─ ─ ─ ─ ─ ─ ─ ─ ─   │                               
│           INNER           │                               
│          id = id          ├──────────────┐                
│      EC = 402.169546      │              │                
│     COST = 402.169546     │              │                
└─────────────┬─────────────┘              │                                             
┌─────────────┴─────────────┐┌─────────────┴─────────────┐  
│          SEQ_SCAN         ││          SEQ_SCAN         │  
│   ─ ─ ─ ─ ─ ─ ─ ─ ─ ─ ─   ││   ─ ─ ─ ─ ─ ─ ─ ─ ─ ─ ─   │  
│             a             ││             b             │  
│   ─ ─ ─ ─ ─ ─ ─ ─ ─ ─ ─   ││   ─ ─ ─ ─ ─ ─ ─ ─ ─ ─ ─   │  
│             id            ││             id            │  
│   ─ ─ ─ ─ ─ ─ ─ ─ ─ ─ ─   ││   ─ ─ ─ ─ ─ ─ ─ ─ ─ ─ ─   │  
│ Filters: id<100 AND id IS ││ Filters: id<100 AND id IS │  
│          NOT NULL         ││          NOT NULL         │  
│          EC=2002          ││          EC=2000          │  
└───────────────────────────┘└───────────────────────────┘                               
D explain select count(*) from a left outer join b on (a.id=b.id and b.id<100);  
  
┌─────────────────────────────┐  
│┌───────────────────────────┐│  
││       Physical Plan       ││  
│└───────────────────────────┘│  
└─────────────────────────────┘  
┌───────────────────────────┐                               
│    UNGROUPED_AGGREGATE    │                               
│   ─ ─ ─ ─ ─ ─ ─ ─ ─ ─ ─   │                               
│        count_star()       │                               
└─────────────┬─────────────┘                                                            
┌─────────────┴─────────────┐                               
│         HASH_JOIN         │                               
│   ─ ─ ─ ─ ─ ─ ─ ─ ─ ─ ─   │                               
│            LEFT           │                               
│          id = id          ├──────────────┐                
│       EC = 0.000000       │              │                
│      COST = 0.000000      │              │                
└─────────────┬─────────────┘              │                                             
┌─────────────┴─────────────┐┌─────────────┴─────────────┐  
│          SEQ_SCAN         ││          SEQ_SCAN         │  
│   ─ ─ ─ ─ ─ ─ ─ ─ ─ ─ ─   ││   ─ ─ ─ ─ ─ ─ ─ ─ ─ ─ ─   │  
│             a             ││             b             │  
│   ─ ─ ─ ─ ─ ─ ─ ─ ─ ─ ─   ││   ─ ─ ─ ─ ─ ─ ─ ─ ─ ─ ─   │  
│             id            ││             id            │  
│          EC=10011         ││   ─ ─ ─ ─ ─ ─ ─ ─ ─ ─ ─   │  
│                           ││ Filters: id<100 AND id IS │  
│                           ││          NOT NULL         │  
│                           ││          EC=10000         │  
└───────────────────────────┘└───────────────────────────┘    
```  
  
```  
postgres=# create table a (id int);  
CREATE TABLE  
postgres=# create table b (id int);  
CREATE TABLE  
postgres=# insert into a select generate_series(-10,10000);  
INSERT 0 10011  
postgres=# insert into b select generate_series(1,10000);  
INSERT 0 10000  
  
postgres=# explain analyze select count(*) from a left outer join b on (a.id=b.id) where b.id<100;  
                                                    QUERY PLAN                                                       
-------------------------------------------------------------------------------------------------------------------  
 Aggregate  (cost=8647.24..8647.25 rows=1 width=8) (actual time=2.511..2.512 rows=1 loops=1)  
   ->  Hash Join  (cost=236.25..8098.59 rows=219459 width=0) (actual time=0.716..2.499 rows=99 loops=1)  
         Hash Cond: (a.id = b.id)  
         ->  Seq Scan on a  (cost=0.00..159.75 rows=11475 width=4) (actual time=0.011..0.917 rows=10011 loops=1)  
         ->  Hash  (cost=188.44..188.44 rows=3825 width=4) (actual time=0.629..0.630 rows=99 loops=1)  
               Buckets: 4096  Batches: 1  Memory Usage: 36kB  
               ->  Seq Scan on b  (cost=0.00..188.44 rows=3825 width=4) (actual time=0.008..0.619 rows=99 loops=1)  
                     Filter: (id < 100)  
                     Rows Removed by Filter: 9901  
 Planning Time: 0.065 ms  
 Execution Time: 2.544 ms  
(11 rows)  
  
postgres=# explain analyze select count(*) from a left outer join b on (a.id=b.id and b.id<100);  
                                                    QUERY PLAN                                                       
-------------------------------------------------------------------------------------------------------------------  
 Aggregate  (cost=8647.24..8647.25 rows=1 width=8) (actual time=6.570..6.573 rows=1 loops=1)  
   ->  Hash Left Join  (cost=236.25..8098.59 rows=219459 width=0) (actual time=1.380..5.510 rows=10011 loops=1)  
         Hash Cond: (a.id = b.id)  
         ->  Seq Scan on a  (cost=0.00..159.75 rows=11475 width=4) (actual time=0.017..1.540 rows=10011 loops=1)  
         ->  Hash  (cost=188.44..188.44 rows=3825 width=4) (actual time=1.347..1.349 rows=99 loops=1)  
               Buckets: 4096  Batches: 1  Memory Usage: 36kB  
               ->  Seq Scan on b  (cost=0.00..188.44 rows=3825 width=4) (actual time=0.014..1.325 rows=99 loops=1)  
                     Filter: (id < 100)  
                     Rows Removed by Filter: 9901  
 Planning Time: 0.102 ms  
 Execution Time: 6.633 ms  
(11 rows)  
```  
  
  
#### [期望 PostgreSQL 增加什么功能?](https://github.com/digoal/blog/issues/76 "269ac3d1c492e938c0191101c7238216")
  
  
#### [PolarDB for PostgreSQL云原生分布式开源数据库](https://github.com/ApsaraDB/PolarDB-for-PostgreSQL "57258f76c37864c6e6d23383d05714ea")
  
  
#### [PostgreSQL 解决方案集合](https://yq.aliyun.com/topic/118 "40cff096e9ed7122c512b35d8561d9c8")
  
  
#### [德哥 / digoal's github - 公益是一辈子的事.](https://github.com/digoal/blog/blob/master/README.md "22709685feb7cab07d30f30387f0a9ae")
  
  
![digoal's wechat](../pic/digoal_weixin.jpg "f7ad92eeba24523fd47a6e1a0e691b59")
  
  
#### [PolarDB 学习图谱: 训练营、培训认证、在线互动实验、解决方案、生态合作、写心得拿奖品](https://www.aliyun.com/database/openpolardb/activity "8642f60e04ed0c814bf9cb9677976bd4")
  
  
#### [购买PolarDB云服务折扣活动进行中, 55元起](https://www.aliyun.com/activity/new/polardb-yunparter?userCode=bsb3t4al "e0495c413bedacabb75ff1e880be465a")
  
  
#### [About 德哥](https://github.com/digoal/blog/blob/master/me/readme.md "a37735981e7704886ffd590565582dd0")
  
